<?xml version="1.0" encoding="UTF-8"?>
<!-- Generated by org.testng.reporters.JUnitReportReporter -->
<testsuite hostname="DESKTOP-UVBSQTK" failures="0" tests="1" name="testCases.TC002_LoginTest" time="2.457" errors="0" timestamp="2024-09-24T13:56:13 IST" skipped="0">
  <testcase classname="testCases.TC002_LoginTest" name="verify_Login" time="2.457"/>
</testsuite> <!-- testCases.TC002_LoginTest -->
